<?xml version="1.0" encoding="UTF-8"?>
<coverage generated="1567221943490" clover="3.2.0">
  <project timestamp="1567221943490" name="All files">
    <metrics statements="89" coveredstatements="70" conditionals="40" coveredconditionals="22" methods="23" coveredmethods="13" elements="152" coveredelements="105" complexity="0" loc="89" ncloc="89" packages="1" files="5" classes="5"/>
    <file name="Costs.jsx" path="/mnt/c/Users/adiancode/workspace/hrsf122-front-end-capstone/client/src/components/Costs.jsx">
      <metrics statements="6" coveredstatements="6" conditionals="0" coveredconditionals="0" methods="1" coveredmethods="1"/>
      <line num="4" count="1" type="stmt"/>
      <line num="11" count="1" type="stmt"/>
      <line num="13" count="1" type="stmt"/>
      <line num="15" count="1" type="stmt"/>
      <line num="17" count="1" type="stmt"/>
      <line num="28" count="2" type="stmt"/>
    </file>
    <file name="Guests.jsx" path="/mnt/c/Users/adiancode/workspace/hrsf122-front-end-capstone/client/src/components/Guests.jsx">
      <metrics statements="25" coveredstatements="6" conditionals="18" coveredconditionals="0" methods="10" coveredmethods="0"/>
      <line num="5" count="1" type="stmt"/>
      <line num="13" count="1" type="stmt"/>
      <line num="25" count="1" type="stmt"/>
      <line num="39" count="1" type="stmt"/>
      <line num="43" count="0" type="cond" truecount="0" falsecount="2"/>
      <line num="44" count="0" type="cond" truecount="0" falsecount="2"/>
      <line num="48" count="1" type="stmt"/>
      <line num="60" count="1" type="stmt"/>
      <line num="73" count="0" type="stmt"/>
      <line num="74" count="0" type="stmt"/>
      <line num="77" count="0" type="stmt"/>
      <line num="78" count="0" type="stmt"/>
      <line num="79" count="0" type="stmt"/>
      <line num="83" count="0" type="stmt"/>
      <line num="87" count="0" type="stmt"/>
      <line num="91" count="0" type="cond" truecount="0" falsecount="4"/>
      <line num="92" count="0" type="stmt"/>
      <line num="99" count="0" type="cond" truecount="0" falsecount="2"/>
      <line num="100" count="0" type="stmt"/>
      <line num="106" count="0" type="cond" truecount="0" falsecount="2"/>
      <line num="110" count="0" type="stmt"/>
      <line num="111" count="0" type="cond" truecount="0" falsecount="2"/>
      <line num="112" count="0" type="cond" truecount="0" falsecount="2"/>
      <line num="114" count="0" type="stmt"/>
      <line num="117" count="0" type="stmt"/>
    </file>
    <file name="GuestsModal.jsx" path="/mnt/c/Users/adiancode/workspace/hrsf122-front-end-capstone/client/src/components/GuestsModal.jsx">
      <metrics statements="33" coveredstatements="33" conditionals="22" coveredconditionals="22" methods="8" coveredmethods="8"/>
      <line num="4" count="2" type="stmt"/>
      <line num="21" count="2" type="stmt"/>
      <line num="27" count="2" type="stmt"/>
      <line num="34" count="2" type="stmt"/>
      <line num="40" count="2" type="stmt"/>
      <line num="46" count="2" type="stmt"/>
      <line num="49" count="2" type="stmt"/>
      <line num="53" count="2" type="stmt"/>
      <line num="55" count="2" type="stmt"/>
      <line num="61" count="2" type="stmt"/>
      <line num="66" count="2" type="stmt"/>
      <line num="69" count="2" type="stmt"/>
      <line num="83" count="2" type="stmt"/>
      <line num="94" count="2" type="stmt"/>
      <line num="97" count="2" type="stmt"/>
      <line num="104" count="2" type="stmt"/>
      <line num="111" count="2" type="stmt"/>
      <line num="128" count="2" type="stmt"/>
      <line num="131" count="22" type="cond" truecount="2" falsecount="0"/>
      <line num="132" count="2" type="stmt"/>
      <line num="134" count="20" type="stmt"/>
      <line num="135" count="120" type="cond" truecount="4" falsecount="0"/>
      <line num="138" count="80" type="cond" truecount="2" falsecount="0"/>
      <line num="139" count="40" type="cond" truecount="2" falsecount="0"/>
      <line num="140" count="20" type="cond" truecount="2" falsecount="0"/>
      <line num="142" count="20" type="cond" truecount="2" falsecount="0"/>
      <line num="145" count="40" type="cond" truecount="2" falsecount="0"/>
      <line num="146" count="2" type="stmt"/>
      <line num="149" count="40" type="cond" truecount="2" falsecount="0"/>
      <line num="150" count="20" type="cond" truecount="2" falsecount="0"/>
      <line num="152" count="20" type="cond" truecount="2" falsecount="0"/>
      <line num="155" count="20" type="stmt"/>
      <line num="203" count="1" type="stmt"/>
    </file>
    <file name="ReservationButton.jsx" path="/mnt/c/Users/adiancode/workspace/hrsf122-front-end-capstone/client/src/components/ReservationButton.jsx">
      <metrics statements="5" coveredstatements="5" conditionals="0" coveredconditionals="0" methods="1" coveredmethods="1"/>
      <line num="4" count="1" type="stmt"/>
      <line num="33" count="1" type="stmt"/>
      <line num="35" count="1" type="stmt"/>
      <line num="47" count="1" type="stmt"/>
      <line num="50" count="2" type="stmt"/>
    </file>
    <file name="Reviews.jsx" path="/mnt/c/Users/adiancode/workspace/hrsf122-front-end-capstone/client/src/components/Reviews.jsx">
      <metrics statements="20" coveredstatements="20" conditionals="0" coveredconditionals="0" methods="3" coveredmethods="3"/>
      <line num="4" count="1" type="stmt"/>
      <line num="13" count="1" type="stmt"/>
      <line num="15" count="1" type="stmt"/>
      <line num="19" count="1" type="stmt"/>
      <line num="22" count="1" type="stmt"/>
      <line num="27" count="1" type="stmt"/>
      <line num="29" count="1" type="stmt"/>
      <line num="34" count="1" type="stmt"/>
      <line num="38" count="3" type="stmt"/>
      <line num="39" count="3" type="stmt"/>
      <line num="40" count="3" type="stmt"/>
      <line num="41" count="3" type="stmt"/>
      <line num="42" count="6" type="stmt"/>
      <line num="43" count="6" type="stmt"/>
      <line num="45" count="3" type="stmt"/>
      <line num="46" count="2" type="stmt"/>
      <line num="47" count="2" type="stmt"/>
      <line num="49" count="3" type="stmt"/>
      <line num="52" count="6" type="stmt"/>
      <line num="53" count="2" type="stmt"/>
    </file>
  </project>
</coverage>
