{"/mnt/c/Users/adiancode/workspace/hrsf122-front-end-capstone/client/src/components/Costs.jsx": {"path":"/mnt/c/Users/adiancode/workspace/hrsf122-front-end-capstone/client/src/components/Costs.jsx","statementMap":{"0":{"start":{"line":4,"column":20},"end":{"line":10,"column":1}},"1":{"start":{"line":11,"column":0},"end":{"line":11,"column":39}},"2":{"start":{"line":13,"column":23},"end":{"line":14,"column":1}},"3":{"start":{"line":15,"column":0},"end":{"line":15,"column":45}},"4":{"start":{"line":17,"column":18},"end":{"line":25,"column":1}},"5":{"start":{"line":28,"column":2},"end":{"line":33,"column":3}}},"fnMap":{"0":{"name":"Costs","decl":{"start":{"line":27,"column":9},"end":{"line":27,"column":14}},"loc":{"start":{"line":27,"column":23},"end":{"line":34,"column":1}},"line":27}},"branchMap":{},"s":{"0":1,"1":1,"2":1,"3":1,"4":1,"5":2},"f":{"0":2},"b":{},"_coverageSchema":"43e27e138ebf9cfc5966b082cf9a028302ed4184","hash":"3dfb2ea1821a746f93d61fc0ae13e65e02c3745a"}
,"/mnt/c/Users/adiancode/workspace/hrsf122-front-end-capstone/client/src/components/Guests.jsx": {"path":"/mnt/c/Users/adiancode/workspace/hrsf122-front-end-capstone/client/src/components/Guests.jsx","statementMap":{"0":{"start":{"line":5,"column":19},"end":{"line":11,"column":1}},"1":{"start":{"line":13,"column":18},"end":{"line":23,"column":1}},"2":{"start":{"line":25,"column":21},"end":{"line":37,"column":1}},"3":{"start":{"line":39,"column":20},"end":{"line":46,"column":1}},"4":{"start":{"line":43,"column":25},"end":{"line":43,"column":56}},"5":{"start":{"line":44,"column":21},"end":{"line":44,"column":62}},"6":{"start":{"line":48,"column":18},"end":{"line":58,"column":1}},"7":{"start":{"line":60,"column":16},"end":{"line":69,"column":1}},"8":{"start":{"line":73,"column":4},"end":{"line":73,"column":16}},"9":{"start":{"line":74,"column":4},"end":{"line":76,"column":5}},"10":{"start":{"line":77,"column":4},"end":{"line":77,"column":58}},"11":{"start":{"line":78,"column":4},"end":{"line":78,"column":55}},"12":{"start":{"line":79,"column":4},"end":{"line":79,"column":65}},"13":{"start":{"line":83,"column":4},"end":{"line":83,"column":68}},"14":{"start":{"line":87,"column":4},"end":{"line":87,"column":27}},"15":{"start":{"line":91,"column":4},"end":{"line":95,"column":5}},"16":{"start":{"line":92,"column":6},"end":{"line":94,"column":8}},"17":{"start":{"line":99,"column":20},"end":{"line":99,"column":51}},"18":{"start":{"line":100,"column":6},"end":{"line":102,"column":8}},"19":{"start":{"line":106,"column":4},"end":{"line":106,"column":64}},"20":{"start":{"line":110,"column":22},"end":{"line":110,"column":85}},"21":{"start":{"line":111,"column":17},"end":{"line":111,"column":52}},"22":{"start":{"line":112,"column":23},"end":{"line":113,"column":137}},"23":{"start":{"line":114,"column":4},"end":{"line":129,"column":5}},"24":{"start":{"line":117,"column":36},"end":{"line":117,"column":73}}},"fnMap":{"0":{"name":"(anonymous_0)","decl":{"start":{"line":43,"column":16},"end":{"line":43,"column":17}},"loc":{"start":{"line":43,"column":25},"end":{"line":43,"column":56}},"line":43},"1":{"name":"(anonymous_1)","decl":{"start":{"line":44,"column":12},"end":{"line":44,"column":13}},"loc":{"start":{"line":44,"column":21},"end":{"line":44,"column":62}},"line":44},"2":{"name":"(anonymous_2)","decl":{"start":{"line":72,"column":2},"end":{"line":72,"column":3}},"loc":{"start":{"line":72,"column":22},"end":{"line":80,"column":3}},"line":72},"3":{"name":"(anonymous_3)","decl":{"start":{"line":82,"column":2},"end":{"line":82,"column":3}},"loc":{"start":{"line":82,"column":22},"end":{"line":84,"column":3}},"line":82},"4":{"name":"(anonymous_4)","decl":{"start":{"line":86,"column":2},"end":{"line":86,"column":3}},"loc":{"start":{"line":86,"column":22},"end":{"line":88,"column":3}},"line":86},"5":{"name":"(anonymous_5)","decl":{"start":{"line":90,"column":2},"end":{"line":90,"column":3}},"loc":{"start":{"line":90,"column":28},"end":{"line":96,"column":3}},"line":90},"6":{"name":"(anonymous_6)","decl":{"start":{"line":98,"column":2},"end":{"line":98,"column":3}},"loc":{"start":{"line":98,"column":27},"end":{"line":103,"column":3}},"line":98},"7":{"name":"(anonymous_7)","decl":{"start":{"line":105,"column":2},"end":{"line":105,"column":3}},"loc":{"start":{"line":105,"column":16},"end":{"line":107,"column":3}},"line":105},"8":{"name":"(anonymous_8)","decl":{"start":{"line":109,"column":2},"end":{"line":109,"column":3}},"loc":{"start":{"line":109,"column":12},"end":{"line":130,"column":3}},"line":109},"9":{"name":"(anonymous_9)","decl":{"start":{"line":117,"column":30},"end":{"line":117,"column":31}},"loc":{"start":{"line":117,"column":36},"end":{"line":117,"column":73}},"line":117}},"branchMap":{"0":{"loc":{"start":{"line":43,"column":25},"end":{"line":43,"column":56}},"type":"cond-expr","locations":[{"start":{"line":43,"column":38},"end":{"line":43,"column":47}},{"start":{"line":43,"column":48},"end":{"line":43,"column":56}}],"line":43},"1":{"loc":{"start":{"line":44,"column":21},"end":{"line":44,"column":62}},"type":"cond-expr","locations":[{"start":{"line":44,"column":34},"end":{"line":44,"column":53}},{"start":{"line":44,"column":56},"end":{"line":44,"column":62}}],"line":44},"2":{"loc":{"start":{"line":91,"column":4},"end":{"line":95,"column":5}},"type":"if","locations":[{"start":{"line":91,"column":4},"end":{"line":95,"column":5}},{"start":{"line":91,"column":4},"end":{"line":95,"column":5}}],"line":91},"3":{"loc":{"start":{"line":91,"column":8},"end":{"line":91,"column":66}},"type":"binary-expr","locations":[{"start":{"line":91,"column":8},"end":{"line":91,"column":23}},{"start":{"line":91,"column":27},"end":{"line":91,"column":66}}],"line":91},"4":{"loc":{"start":{"line":99,"column":20},"end":{"line":99,"column":51}},"type":"cond-expr","locations":[{"start":{"line":99,"column":39},"end":{"line":99,"column":44}},{"start":{"line":99,"column":47},"end":{"line":99,"column":51}}],"line":99},"5":{"loc":{"start":{"line":106,"column":11},"end":{"line":106,"column":64}},"type":"cond-expr","locations":[{"start":{"line":106,"column":39},"end":{"line":106,"column":51}},{"start":{"line":106,"column":54},"end":{"line":106,"column":64}}],"line":106},"6":{"loc":{"start":{"line":111,"column":17},"end":{"line":111,"column":52}},"type":"cond-expr","locations":[{"start":{"line":111,"column":35},"end":{"line":111,"column":42}},{"start":{"line":111,"column":44},"end":{"line":111,"column":52}}],"line":111},"7":{"loc":{"start":{"line":112,"column":23},"end":{"line":113,"column":137}},"type":"cond-expr","locations":[{"start":{"line":112,"column":62},"end":{"line":112,"column":64}},{"start":{"line":113,"column":6},"end":{"line":113,"column":137}}],"line":112},"8":{"loc":{"start":{"line":113,"column":6},"end":{"line":113,"column":137}},"type":"cond-expr","locations":[{"start":{"line":113,"column":45},"end":{"line":113,"column":89}},{"start":{"line":113,"column":92},"end":{"line":113,"column":137}}],"line":113}},"s":{"0":1,"1":1,"2":1,"3":1,"4":0,"5":0,"6":1,"7":1,"8":0,"9":0,"10":0,"11":0,"12":0,"13":0,"14":0,"15":0,"16":0,"17":0,"18":0,"19":0,"20":0,"21":0,"22":0,"23":0,"24":0},"f":{"0":0,"1":0,"2":0,"3":0,"4":0,"5":0,"6":0,"7":0,"8":0,"9":0},"b":{"0":[0,0],"1":[0,0],"2":[0,0],"3":[0,0],"4":[0,0],"5":[0,0],"6":[0,0],"7":[0,0],"8":[0,0]},"_coverageSchema":"43e27e138ebf9cfc5966b082cf9a028302ed4184","hash":"e3a9448eb87375486a5f9367856aff5454241229"}
,"/mnt/c/Users/adiancode/workspace/hrsf122-front-end-capstone/client/src/components/GuestsModal.jsx": {"path":"/mnt/c/Users/adiancode/workspace/hrsf122-front-end-capstone/client/src/components/GuestsModal.jsx","statementMap":{"0":{"start":{"line":4,"column":14},"end":{"line":19,"column":1}},"1":{"start":{"line":21,"column":23},"end":{"line":25,"column":1}},"2":{"start":{"line":27,"column":16},"end":{"line":32,"column":1}},"3":{"start":{"line":34,"column":20},"end":{"line":38,"column":1}},"4":{"start":{"line":40,"column":16},"end":{"line":45,"column":1}},"5":{"start":{"line":46,"column":0},"end":{"line":46,"column":31}},"6":{"start":{"line":49,"column":18},"end":{"line":52,"column":1}},"7":{"start":{"line":53,"column":0},"end":{"line":53,"column":35}},"8":{"start":{"line":55,"column":19},"end":{"line":59,"column":1}},"9":{"start":{"line":61,"column":23},"end":{"line":65,"column":1}},"10":{"start":{"line":66,"column":0},"end":{"line":66,"column":45}},"11":{"start":{"line":69,"column":19},"end":{"line":81,"column":1}},"12":{"start":{"line":83,"column":15},"end":{"line":93,"column":1}},"13":{"start":{"line":94,"column":0},"end":{"line":94,"column":29}},"14":{"start":{"line":97,"column":15},"end":{"line":102,"column":1}},"15":{"start":{"line":104,"column":27},"end":{"line":109,"column":1}},"16":{"start":{"line":111,"column":20},"end":{"line":127,"column":1}},"17":{"start":{"line":128,"column":0},"end":{"line":128,"column":39}},"18":{"start":{"line":131,"column":2},"end":{"line":133,"column":3}},"19":{"start":{"line":132,"column":4},"end":{"line":132,"column":16}},"20":{"start":{"line":134,"column":23},"end":{"line":153,"column":3}},"21":{"start":{"line":135,"column":4},"end":{"line":147,"column":5}},"22":{"start":{"line":138,"column":6},"end":{"line":143,"column":7}},"23":{"start":{"line":139,"column":8},"end":{"line":141,"column":9}},"24":{"start":{"line":140,"column":10},"end":{"line":140,"column":184}},"25":{"start":{"line":140,"column":149},"end":{"line":140,"column":166}},"26":{"start":{"line":142,"column":8},"end":{"line":142,"column":163}},"27":{"start":{"line":142,"column":129},"end":{"line":142,"column":146}},"28":{"start":{"line":145,"column":6},"end":{"line":146,"column":145}},"29":{"start":{"line":146,"column":111},"end":{"line":146,"column":128}},"30":{"start":{"line":149,"column":4},"end":{"line":151,"column":5}},"31":{"start":{"line":150,"column":6},"end":{"line":150,"column":157}},"32":{"start":{"line":150,"column":123},"end":{"line":150,"column":140}},"33":{"start":{"line":152,"column":4},"end":{"line":152,"column":179}},"34":{"start":{"line":152,"column":145},"end":{"line":152,"column":162}},"35":{"start":{"line":155,"column":2},"end":{"line":208,"column":3}},"36":{"start":{"line":203,"column":38},"end":{"line":203,"column":71}}},"fnMap":{"0":{"name":"GuestsModal","decl":{"start":{"line":130,"column":9},"end":{"line":130,"column":20}},"loc":{"start":{"line":130,"column":29},"end":{"line":209,"column":1}},"line":130},"1":{"name":"(anonymous_1)","decl":{"start":{"line":134,"column":23},"end":{"line":134,"column":24}},"loc":{"start":{"line":134,"column":39},"end":{"line":153,"column":3}},"line":134},"2":{"name":"(anonymous_2)","decl":{"start":{"line":140,"column":144},"end":{"line":140,"column":145}},"loc":{"start":{"line":140,"column":149},"end":{"line":140,"column":166}},"line":140},"3":{"name":"(anonymous_3)","decl":{"start":{"line":142,"column":124},"end":{"line":142,"column":125}},"loc":{"start":{"line":142,"column":129},"end":{"line":142,"column":146}},"line":142},"4":{"name":"(anonymous_4)","decl":{"start":{"line":146,"column":106},"end":{"line":146,"column":107}},"loc":{"start":{"line":146,"column":111},"end":{"line":146,"column":128}},"line":146},"5":{"name":"(anonymous_5)","decl":{"start":{"line":150,"column":118},"end":{"line":150,"column":119}},"loc":{"start":{"line":150,"column":123},"end":{"line":150,"column":140}},"line":150},"6":{"name":"(anonymous_6)","decl":{"start":{"line":152,"column":139},"end":{"line":152,"column":140}},"loc":{"start":{"line":152,"column":145},"end":{"line":152,"column":162}},"line":152},"7":{"name":"(anonymous_7)","decl":{"start":{"line":203,"column":32},"end":{"line":203,"column":33}},"loc":{"start":{"line":203,"column":38},"end":{"line":203,"column":71}},"line":203}},"branchMap":{"0":{"loc":{"start":{"line":131,"column":2},"end":{"line":133,"column":3}},"type":"if","locations":[{"start":{"line":131,"column":2},"end":{"line":133,"column":3}},{"start":{"line":131,"column":2},"end":{"line":133,"column":3}}],"line":131},"1":{"loc":{"start":{"line":135,"column":4},"end":{"line":147,"column":5}},"type":"if","locations":[{"start":{"line":135,"column":4},"end":{"line":147,"column":5}},{"start":{"line":135,"column":4},"end":{"line":147,"column":5}}],"line":135},"2":{"loc":{"start":{"line":135,"column":8},"end":{"line":135,"column":60}},"type":"binary-expr","locations":[{"start":{"line":135,"column":8},"end":{"line":135,"column":31}},{"start":{"line":135,"column":35},"end":{"line":135,"column":60}}],"line":135},"3":{"loc":{"start":{"line":138,"column":6},"end":{"line":143,"column":7}},"type":"if","locations":[{"start":{"line":138,"column":6},"end":{"line":143,"column":7}},{"start":{"line":138,"column":6},"end":{"line":143,"column":7}}],"line":138},"4":{"loc":{"start":{"line":139,"column":8},"end":{"line":141,"column":9}},"type":"if","locations":[{"start":{"line":139,"column":8},"end":{"line":141,"column":9}},{"start":{"line":139,"column":8},"end":{"line":141,"column":9}}],"line":139},"5":{"loc":{"start":{"line":140,"column":17},"end":{"line":140,"column":184}},"type":"cond-expr","locations":[{"start":{"line":140,"column":43},"end":{"line":140,"column":96}},{"start":{"line":140,"column":99},"end":{"line":140,"column":184}}],"line":140},"6":{"loc":{"start":{"line":142,"column":15},"end":{"line":142,"column":163}},"type":"cond-expr","locations":[{"start":{"line":142,"column":41},"end":{"line":142,"column":72}},{"start":{"line":142,"column":75},"end":{"line":142,"column":163}}],"line":142},"7":{"loc":{"start":{"line":145,"column":14},"end":{"line":146,"column":145}},"type":"cond-expr","locations":[{"start":{"line":146,"column":7},"end":{"line":146,"column":62}},{"start":{"line":146,"column":65},"end":{"line":146,"column":145}}],"line":145},"8":{"loc":{"start":{"line":149,"column":4},"end":{"line":151,"column":5}},"type":"if","locations":[{"start":{"line":149,"column":4},"end":{"line":151,"column":5}},{"start":{"line":149,"column":4},"end":{"line":151,"column":5}}],"line":149},"9":{"loc":{"start":{"line":150,"column":13},"end":{"line":150,"column":157}},"type":"cond-expr","locations":[{"start":{"line":150,"column":39},"end":{"line":150,"column":70}},{"start":{"line":150,"column":73},"end":{"line":150,"column":157}}],"line":150},"10":{"loc":{"start":{"line":152,"column":11},"end":{"line":152,"column":179}},"type":"cond-expr","locations":[{"start":{"line":152,"column":61},"end":{"line":152,"column":92}},{"start":{"line":152,"column":95},"end":{"line":152,"column":179}}],"line":152}},"s":{"0":2,"1":2,"2":2,"3":2,"4":2,"5":2,"6":2,"7":2,"8":2,"9":2,"10":2,"11":2,"12":2,"13":2,"14":2,"15":2,"16":2,"17":2,"18":22,"19":2,"20":20,"21":120,"22":80,"23":40,"24":20,"25":1,"26":20,"27":1,"28":40,"29":2,"30":40,"31":20,"32":1,"33":20,"34":1,"35":20,"36":1},"f":{"0":22,"1":120,"2":1,"3":1,"4":2,"5":1,"6":1,"7":1},"b":{"0":[2,20],"1":[80,40],"2":[120,80],"3":[40,40],"4":[20,20],"5":[15,5],"6":[15,5],"7":[2,38],"8":[20,20],"9":[13,7],"10":[4,16]},"_coverageSchema":"43e27e138ebf9cfc5966b082cf9a028302ed4184","hash":"2d8cc7a14460954a98ee9718e9f2fc6b214bc44e"}
,"/mnt/c/Users/adiancode/workspace/hrsf122-front-end-capstone/client/src/components/ReservationButton.jsx": {"path":"/mnt/c/Users/adiancode/workspace/hrsf122-front-end-capstone/client/src/components/ReservationButton.jsx","statementMap":{"0":{"start":{"line":4,"column":21},"end":{"line":31,"column":1}},"1":{"start":{"line":33,"column":0},"end":{"line":33,"column":41}},"2":{"start":{"line":35,"column":25},"end":{"line":45,"column":1}},"3":{"start":{"line":47,"column":0},"end":{"line":47,"column":49}},"4":{"start":{"line":50,"column":2},"end":{"line":55,"column":3}}},"fnMap":{"0":{"name":"ReservationButton","decl":{"start":{"line":49,"column":9},"end":{"line":49,"column":26}},"loc":{"start":{"line":49,"column":35},"end":{"line":56,"column":1}},"line":49}},"branchMap":{},"s":{"0":1,"1":1,"2":1,"3":1,"4":2},"f":{"0":2},"b":{},"_coverageSchema":"43e27e138ebf9cfc5966b082cf9a028302ed4184","hash":"b38f6eee0513f85095d198cc345cc50fec062bce"}
,"/mnt/c/Users/adiancode/workspace/hrsf122-front-end-capstone/client/src/components/Reviews.jsx": {"path":"/mnt/c/Users/adiancode/workspace/hrsf122-front-end-capstone/client/src/components/Reviews.jsx","statementMap":{"0":{"start":{"line":4,"column":18},"end":{"line":12,"column":1}},"1":{"start":{"line":13,"column":0},"end":{"line":13,"column":35}},"2":{"start":{"line":15,"column":14},"end":{"line":18,"column":1}},"3":{"start":{"line":19,"column":0},"end":{"line":19,"column":27}},"4":{"start":{"line":22,"column":17},"end":{"line":26,"column":1}},"5":{"start":{"line":27,"column":0},"end":{"line":27,"column":33}},"6":{"start":{"line":29,"column":17},"end":{"line":33,"column":1}},"7":{"start":{"line":34,"column":0},"end":{"line":34,"column":33}},"8":{"start":{"line":38,"column":18},"end":{"line":38,"column":20}},"9":{"start":{"line":39,"column":18},"end":{"line":39,"column":20}},"10":{"start":{"line":40,"column":16},"end":{"line":40,"column":28}},"11":{"start":{"line":41,"column":2},"end":{"line":44,"column":3}},"12":{"start":{"line":42,"column":4},"end":{"line":42,"column":23}},"13":{"start":{"line":43,"column":4},"end":{"line":43,"column":13}},"14":{"start":{"line":45,"column":2},"end":{"line":48,"column":3}},"15":{"start":{"line":46,"column":4},"end":{"line":46,"column":23}},"16":{"start":{"line":47,"column":4},"end":{"line":47,"column":13}},"17":{"start":{"line":49,"column":2},"end":{"line":57,"column":3}},"18":{"start":{"line":52,"column":36},"end":{"line":52,"column":73}},"19":{"start":{"line":53,"column":36},"end":{"line":53,"column":73}}},"fnMap":{"0":{"name":"Reviews","decl":{"start":{"line":36,"column":9},"end":{"line":36,"column":16}},"loc":{"start":{"line":36,"column":25},"end":{"line":58,"column":1}},"line":36},"1":{"name":"(anonymous_1)","decl":{"start":{"line":52,"column":23},"end":{"line":52,"column":24}},"loc":{"start":{"line":52,"column":36},"end":{"line":52,"column":73}},"line":52},"2":{"name":"(anonymous_2)","decl":{"start":{"line":53,"column":23},"end":{"line":53,"column":24}},"loc":{"start":{"line":53,"column":36},"end":{"line":53,"column":73}},"line":53}},"branchMap":{},"s":{"0":1,"1":1,"2":1,"3":1,"4":1,"5":1,"6":1,"7":1,"8":3,"9":3,"10":3,"11":3,"12":6,"13":6,"14":3,"15":2,"16":2,"17":3,"18":6,"19":2},"f":{"0":3,"1":6,"2":2},"b":{},"_coverageSchema":"43e27e138ebf9cfc5966b082cf9a028302ed4184","hash":"cd2df05c349eb36d82a22e63fcda6622b796b315"}
}
