TN:
SF:/mnt/c/Users/adiancode/workspace/hrsf122-front-end-capstone/client/src/components/Costs.jsx
FN:27,Costs
FNF:1
FNH:1
FNDA:2,Costs
DA:4,1
DA:11,1
DA:13,1
DA:15,1
DA:17,1
DA:28,2
LF:6
LH:6
BRF:0
BRH:0
end_of_record
TN:
SF:/mnt/c/Users/adiancode/workspace/hrsf122-front-end-capstone/client/src/components/Guests.jsx
FN:43,(anonymous_0)
FN:44,(anonymous_1)
FN:72,(anonymous_2)
FN:82,(anonymous_3)
FN:86,(anonymous_4)
FN:90,(anonymous_5)
FN:98,(anonymous_6)
FN:105,(anonymous_7)
FN:109,(anonymous_8)
FN:117,(anonymous_9)
FNF:10
FNH:0
FNDA:0,(anonymous_0)
FNDA:0,(anonymous_1)
FNDA:0,(anonymous_2)
FNDA:0,(anonymous_3)
FNDA:0,(anonymous_4)
FNDA:0,(anonymous_5)
FNDA:0,(anonymous_6)
FNDA:0,(anonymous_7)
FNDA:0,(anonymous_8)
FNDA:0,(anonymous_9)
DA:5,1
DA:13,1
DA:25,1
DA:39,1
DA:43,0
DA:44,0
DA:48,1
DA:60,1
DA:73,0
DA:74,0
DA:77,0
DA:78,0
DA:79,0
DA:83,0
DA:87,0
DA:91,0
DA:92,0
DA:99,0
DA:100,0
DA:106,0
DA:110,0
DA:111,0
DA:112,0
DA:114,0
DA:117,0
LF:25
LH:6
BRDA:43,0,0,0
BRDA:43,0,1,0
BRDA:44,1,0,0
BRDA:44,1,1,0
BRDA:91,2,0,0
BRDA:91,2,1,0
BRDA:91,3,0,0
BRDA:91,3,1,0
BRDA:99,4,0,0
BRDA:99,4,1,0
BRDA:106,5,0,0
BRDA:106,5,1,0
BRDA:111,6,0,0
BRDA:111,6,1,0
BRDA:112,7,0,0
BRDA:112,7,1,0
BRDA:113,8,0,0
BRDA:113,8,1,0
BRF:18
BRH:0
end_of_record
TN:
SF:/mnt/c/Users/adiancode/workspace/hrsf122-front-end-capstone/client/src/components/GuestsModal.jsx
FN:130,GuestsModal
FN:134,(anonymous_1)
FN:140,(anonymous_2)
FN:142,(anonymous_3)
FN:146,(anonymous_4)
FN:150,(anonymous_5)
FN:152,(anonymous_6)
FN:203,(anonymous_7)
FNF:8
FNH:8
FNDA:22,GuestsModal
FNDA:120,(anonymous_1)
FNDA:1,(anonymous_2)
FNDA:1,(anonymous_3)
FNDA:2,(anonymous_4)
FNDA:1,(anonymous_5)
FNDA:1,(anonymous_6)
FNDA:1,(anonymous_7)
DA:4,2
DA:21,2
DA:27,2
DA:34,2
DA:40,2
DA:46,2
DA:49,2
DA:53,2
DA:55,2
DA:61,2
DA:66,2
DA:69,2
DA:83,2
DA:94,2
DA:97,2
DA:104,2
DA:111,2
DA:128,2
DA:131,22
DA:132,2
DA:134,20
DA:135,120
DA:138,80
DA:139,40
DA:140,20
DA:142,20
DA:145,40
DA:146,2
DA:149,40
DA:150,20
DA:152,20
DA:155,20
DA:203,1
LF:33
LH:33
BRDA:131,0,0,2
BRDA:131,0,1,20
BRDA:135,1,0,80
BRDA:135,1,1,40
BRDA:135,2,0,120
BRDA:135,2,1,80
BRDA:138,3,0,40
BRDA:138,3,1,40
BRDA:139,4,0,20
BRDA:139,4,1,20
BRDA:140,5,0,15
BRDA:140,5,1,5
BRDA:142,6,0,15
BRDA:142,6,1,5
BRDA:145,7,0,2
BRDA:145,7,1,38
BRDA:149,8,0,20
BRDA:149,8,1,20
BRDA:150,9,0,13
BRDA:150,9,1,7
BRDA:152,10,0,4
BRDA:152,10,1,16
BRF:22
BRH:22
end_of_record
TN:
SF:/mnt/c/Users/adiancode/workspace/hrsf122-front-end-capstone/client/src/components/ReservationButton.jsx
FN:49,ReservationButton
FNF:1
FNH:1
FNDA:2,ReservationButton
DA:4,1
DA:33,1
DA:35,1
DA:47,1
DA:50,2
LF:5
LH:5
BRF:0
BRH:0
end_of_record
TN:
SF:/mnt/c/Users/adiancode/workspace/hrsf122-front-end-capstone/client/src/components/Reviews.jsx
FN:36,Reviews
FN:52,(anonymous_1)
FN:53,(anonymous_2)
FNF:3
FNH:3
FNDA:3,Reviews
FNDA:6,(anonymous_1)
FNDA:2,(anonymous_2)
DA:4,1
DA:13,1
DA:15,1
DA:19,1
DA:22,1
DA:27,1
DA:29,1
DA:34,1
DA:38,3
DA:39,3
DA:40,3
DA:41,3
DA:42,6
DA:43,6
DA:45,3
DA:46,2
DA:47,2
DA:49,3
DA:52,6
DA:53,2
LF:20
LH:20
BRF:0
BRH:0
end_of_record
